<?xml version="1.0" encoding="UTF-8"?>
<!-- Generated by org.testng.reporters.JUnitReportReporter -->
<testsuite skipped="0" hostname="Clairvoyant-107" name="UITest" tests="1" failures="0" timestamp="20 Jul 2021 11:20:57 GMT" time="9.466" errors="0">
  <testcase name="startBrowser" time="9.466" classname="UITest"/>
</testsuite> <!-- UITest -->
